<?xml version="1.0" encoding="UTF-8"?>
<!-- Generated by org.testng.reporters.JUnitReportReporter -->
<testsuite hostname="DESKTOP-1QV4N2B" failures="0" tests="4" name="com.example.api.ApiTest" time="1.758" errors="0" timestamp="2024-12-03T00:41:47 EST" skipped="0">
  <testcase classname="com.example.api.ApiTest" name="testGetRequest" time="0.067"/>
  <system-out/>
  <testcase classname="com.example.api.ApiTest" name="testAllPosts" time="1.483"/>
  <system-out/>
  <testcase classname="com.example.api.ApiTest" name="testGetRequestWithValidation" time="0.060"/>
  <system-out/>
  <testcase classname="com.example.api.ApiTest" name="testPostRequest" time="0.148"/>
  <system-out/>
</testsuite> <!-- com.example.api.ApiTest -->
